<?xml version="1.0" encoding="UTF-8"?>
<!-- Generated by org.testng.reporters.JUnitReportReporter -->
<testsuite hostname="Bachhi-PC" name="com.pom.TestCaller" tests="1" failures="0" timestamp="17 Nov 2016 20:52:48 GMT" time="17.921" errors="0">
  <testcase name="TestMethod1" time="17.921" classname="com.pom.TestCaller"/>
</testsuite> <!-- com.pom.TestCaller -->
